<!DOCTYPE html>
<html>
 <head>
  <meta charset="utf-8"/>
  <meta content="width=device-width" name="viewport"/>
  <title>
   Compilation error in Fedora 19
  </title>
  <link href="../../../archived.css" rel="stylesheet"/>
  <script type="text/x-mathjax-config">
   MathJax.Hub.Config({tex2jax: {inlineMath: [['$','$'], ['\\\\(','\\\\)']]}});
  </script>
  <script async="" src="https://cdnjs.cloudflare.com/ajax/libs/mathjax/2.7.1/MathJax.js?config=TeX-MML-AM_CHTML" type="text/javascript">
  </script>
 </head>
 <body>
  <header class="header">
   <div class="title-span">
    <a href="../../../">
     <img alt="Urho3D" height="40" id="site-logo" src="../../../images/site-logo.png"/>
    </a>
   </div>
  </header>
  <div class="main">
   <div class="archive-span">
    Archive 19/01/2023.
   </div>
   <h1 class="topic-title">
    Compilation error in Fedora 19
   </h1>
   <div class="post_container">
    <div class="avatar_container">
     <img class="avatar" src="../../../images/9e2a35a1efb118feca41150a0672eae9a7ef5d075d939b9eb29971089a158064.png"/>
    </div>
    <div class="post">
     <div class="user_name">
      rogerdv
     </div>
     <div class="post_content">
      <p>
       Im trying to compile the engine under Fedora 19. cmake runs detection without reporting critical errors, but when compilation starts I inmediatly get ths error:
      </p>
      <p>
       [code][  0%] Building CXX object ThirdParty/Box2D/CMakeFiles/Box2D.dir/Box2D/Collision/b2BroadPhase.cpp.o
       <br/>
       In file included from /usr/include/features.h:399:0,
       <br/>
       from /usr/include/assert.h:36,
       <br/>
       from /home/roger/projects/Urho3D/Source/ThirdParty/Box2D/./Box2D/Common/b2Settings.h:23,
       <br/>
       from /home/roger/projects/Urho3D/Source/ThirdParty/Box2D/./Box2D/Collision/b2BroadPhase.h:22,
       <br/>
       from /home/roger/projects/Urho3D/Source/ThirdParty/Box2D/Box2D/Collision/b2BroadPhase.cpp:19:
       <br/>
       /usr/include/gnu/stubs.h:7:27: error fatal: gnu/stubs-32.h: No existe el fichero o el directorio
      </p>
      <h1>
       include &lt;gnu/stubs-32.h&gt;
      </h1>
      <pre><code>                       ^
</code></pre>
      <p>
       compilaci?n terminada.
       <br/>
       make[2]: *** [ThirdParty/Box2D/CMakeFiles/Box2D.dir/Box2D/Collision/b2BroadPhase.cpp.o] Error 1
       <br/>
       make[1]: *** [ThirdParty/Box2D/CMakeFiles/Box2D.dir/all] Error 2
       <br/>
       make: *** [all] Error 2
       <br/>
       [/code]
      </p>
      <p>
       gnu/stubs-32.h doesnt exists, so I probably lack some devel files, but cant figure out what is missing. How can I solve this?
      </p>
     </div>
    </div>
   </div>
   <div class="post_container">
    <div class="avatar_container">
     <img class="avatar" src="../../../images/035f283cae2d056de202879867b5272fcc6bf7558625c1c9ffb77812527e2fac.png"/>
    </div>
    <div class="post">
     <div class="user_name">
      cadaver
     </div>
     <div class="post_content">
      <p>
       My guess is that you lack 32-bit development files, so you must trigger a 64-bit build with
      </p>
      <p>
       ./cmake_gcc.sh -DENABLE_64BIT=1
      </p>
     </div>
    </div>
   </div>
   <div class="post_container">
    <div class="avatar_container">
     <img class="avatar" src="../../../images/ac13286af345bef5a8e8da90a88e9fc0e9d6f349d8aa367436e7ffdeeddaeb9e.png"/>
    </div>
    <div class="post">
     <div class="user_name">
      weitjong
     </div>
     <div class="post_content">
      <p>
       If you really want to build 32-bit Urho3D library on a 64-bit Fedora OS then you have to install the corresponding *.i686 variant of the prerequisite packages, including the kernel module (graphic card driver) package for running the app.
      </p>
     </div>
    </div>
   </div>
   <div class="post_container">
    <div class="avatar_container">
     <img class="avatar" src="../../../images/9e2a35a1efb118feca41150a0672eae9a7ef5d075d939b9eb29971089a158064.png"/>
    </div>
    <div class="post">
     <div class="user_name">
      rogerdv
     </div>
     <div class="post_content">
      <p>
       Thanks, that solved the problem. But now Im getting this:
      </p>
      <p>
       <code>
        In file included from /usr/include/stdlib.h:314:0,
                 from /home/roger/projects/Urho3D/Source/ThirdParty/LibCpuId/src/cpuid_main.c:36:
/usr/include/sys/types.h:197:13: error: tipos en conflicto para ?int64_t?
 __intN_t (64, __DI__);
             ^
In file included from /home/roger/projects/Urho3D/Source/ThirdParty/LibCpuId/src/libcpuid.h:68:0,
                 from /home/roger/projects/Urho3D/Source/ThirdParty/LibCpuId/src/cpuid_main.c:26:
/home/roger/projects/Urho3D/Source/ThirdParty/LibCpuId/src/libcpuid_types.h:55:26: nota: la declaraci?n previa de ?int64_t? estaba aqu?
 typedef signed long long int64_t;
                          ^
make[2]: *** [ThirdParty/LibCpuId/CMakeFiles/LibCpuId.dir/src/cpuid_main.c.o] Error 1
make[1]: *** [ThirdParty/LibCpuId/CMakeFiles/LibCpuId.dir/all] Error 2
make: *** [all] Error 2
       </code>
      </p>
      <p>
       Seems there are some type conflict, int64_t was already declared.
      </p>
     </div>
    </div>
   </div>
   <div class="post_container">
    <div class="avatar_container">
     <img class="avatar" src="../../../images/ac13286af345bef5a8e8da90a88e9fc0e9d6f349d8aa367436e7ffdeeddaeb9e.png"/>
    </div>
    <div class="post">
     <div class="user_name">
      weitjong
     </div>
     <div class="post_content">
      <p>
       This is strange. Have you cleared the CMake cache when changing the build option? You need to do that if you are changing critical build option. Either that, nuke your existing build directory and invoke the cmake script to recreate it from scratch again. Also make sure “glibc-headers.x86_64” package is installed in your system.
      </p>
     </div>
    </div>
   </div>
   <div class="post_container">
    <div class="avatar_container">
     <img class="avatar" src="../../../images/ac13286af345bef5a8e8da90a88e9fc0e9d6f349d8aa367436e7ffdeeddaeb9e.png"/>
    </div>
    <div class="post">
     <div class="user_name">
      weitjong
     </div>
     <div class="post_content">
      <p>
       After the commit 46285baf975d0ddddbe98423de5a092c6fa6e34c on April 5th, the build option for 64-bit build becomes “URHO3D_64BIT” instead of “ENABLE_64BIT”.
      </p>
     </div>
    </div>
   </div>
  </div>
 </body>
</html>