<!DOCTYPE html>
<html>
 <head>
  <meta charset="utf-8"/>
  <meta content="width=device-width" name="viewport"/>
  <title>
   Failed build Urho3D for iOS platform
  </title>
  <link href="../../../archived.css" rel="stylesheet"/>
  <script type="text/x-mathjax-config">
   MathJax.Hub.Config({tex2jax: {inlineMath: [['$','$'], ['\\\\(','\\\\)']]}});
  </script>
  <script async="" src="https://cdnjs.cloudflare.com/ajax/libs/mathjax/2.7.1/MathJax.js?config=TeX-MML-AM_CHTML" type="text/javascript">
  </script>
 </head>
 <body>
  <header class="header">
   <div class="title-span">
    <a href="../../../">
     <img alt="Urho3D" height="40" id="site-logo" src="../../../images/site-logo.png"/>
    </a>
   </div>
  </header>
  <div class="main">
   <div class="archive-span">
    Archive 19/01/2023.
   </div>
   <h1 class="topic-title">
    Failed build Urho3D for iOS platform
   </h1>
   <div class="post_container">
    <div class="avatar_container">
     <img class="avatar" src="../../../images/5120fe8981e421df0f41c135eb6873b5996d3ad032e62a06089fae90a87595de.png"/>
    </div>
    <div class="post">
     <div class="user_name">
      att
     </div>
     <div class="post_content">
      <p>
       I download the latest Urho3D engine code, and build it for iOS, but the SDL and SLikeNet can not build.
       <br/>
       I build it on Xcode 10.2.1
      </p>
      <p>
       blowing is the log,
      </p>
      <blockquote>
       <p>
        Blockquote
        <br/>
        In file included from /Users/att/Work/SDK/Urho3D/Source/ThirdParty/SDL/src/SDL_hints.c:23:
        <br/>
        In file included from /Users/att/Work/SDK/Urho3D/Source/ThirdParty/SDL/include/SDL_hints.h:42:
        <br/>
        /Users/att/Work/SDK/Urho3D/Source/ThirdParty/SDL/include/SDL_stdinc.h:454:49: error: unknown type name ‘wchar_t’
        <br/>
        extern DECLSPEC size_t SDLCALL SDL_wcslen(const wchar_t *wstr);
        <br/>
        ^
        <br/>
        /Users/att/Work/SDK/Urho3D/Source/ThirdParty/SDL/include/SDL_stdinc.h:455:66: error: unknown type name ‘wchar_t’
        <br/>
        extern DECLSPEC size_t SDLCALL SDL_wcslcpy(SDL_OUT_Z_CAP(maxlen) wchar_t *dst, const wchar_t *src, size_t maxlen);
        <br/>
        ^
        <br/>
        /Users/att/Work/SDK/Urho3D/Source/ThirdParty/SDL/include/SDL_stdinc.h:455:86: error: unknown type name ‘wchar_t’
        <br/>
        extern DECLSPEC size_t SDLCALL SDL_wcslcpy(SDL_OUT_Z_CAP(maxlen) wchar_t *dst, const wchar_t *src, size_t maxlen);
        <br/>
        ^
        <br/>
        /Users/att/Work/SDK/Urho3D/Source/ThirdParty/SDL/include/SDL_stdinc.h:456:68: error: unknown type name ‘wchar_t’
        <br/>
        extern DECLSPEC size_t SDLCALL SDL_wcslcat(SDL_INOUT_Z_CAP(maxlen) wchar_t *dst, const wchar_t *src, size_t maxlen);
        <br/>
        ^
        <br/>
        /Users/att/Work/SDK/Urho3D/Source/ThirdParty/SDL/include/SDL_stdinc.h:456:88: error: unknown type name ‘wchar_t’
        <br/>
        extern DECLSPEC size_t SDLCALL SDL_wcslcat(SDL_INOUT_Z_CAP(maxlen) wchar_t *dst, const wchar_t *src, size_t maxlen);
        <br/>
        ^
        <br/>
        /Users/att/Work/SDK/Urho3D/Source/ThirdParty/SDL/include/SDL_stdinc.h:457:46: error: unknown type name ‘wchar_t’
        <br/>
        extern DECLSPEC int SDLCALL SDL_wcscmp(const wchar_t *str1, const wchar_t *str2);
        <br/>
        ^
        <br/>
        /Users/att/Work/SDK/Urho3D/Source/ThirdParty/SDL/include/SDL_stdinc.h:457:67: error: unknown type name ‘wchar_t’
        <br/>
        extern DECLSPEC int SDLCALL SDL_wcscmp(const wchar_t *str1, const wchar_t *str2);
        <br/>
        ^
        <br/>
        /Users/att/Work/SDK/Urho3D/Source/ThirdParty/SDL/include/SDL_stdinc.h:493:76: error: unknown type name ‘va_list’
        <br/>
        extern DECLSPEC int SDLCALL SDL_vsscanf(const char *text, const char *fmt, va_list ap);
        <br/>
        ^
        <br/>
        /Users/att/Work/SDK/Urho3D/Source/ThirdParty/SDL/include/SDL_stdinc.h:495:109: error: unknown type name ‘va_list’
        <br/>
        extern DECLSPEC int SDLCALL SDL_vsnprintf(SDL_OUT_Z_CAP(maxlen) char *text, size_t maxlen, const char *fmt, va_list ap);
        <br/>
        ^
        <br/>
        /Users/att/Work/SDK/Urho3D/Source/ThirdParty/SDL/src/SDL_hints.c:76:59: error: use of undeclared identifier ‘NULL’
        <br/>
        hint-&gt;value = value ? SDL_strdup(value) : NULL;
        <br/>
        ^
        <br/>
        /Users/att/Work/SDK/Urho3D/Source/ThirdParty/SDL/src/SDL_hints.c:89:47: error: use of undeclared identifier ‘NULL’
        <br/>
        hint-&gt;value = value ? SDL_strdup(value) : NULL;
        <br/>
        ^
        <br/>
        /Users/att/Work/SDK/Urho3D/Source/ThirdParty/SDL/src/SDL_hints.c:91:23: error: use of undeclared identifier ‘NULL’
        <br/>
        hint-&gt;callbacks = NULL;
        <br/>
        ^
        <br/>
        /Users/att/Work/SDK/Urho3D/Source/ThirdParty/SDL/src/SDL_hints.c:174:23: error: use of undeclared identifier ‘NULL’
        <br/>
        hint-&gt;value = NULL;
        <br/>
        ^
        <br/>
        /Users/att/Work/SDK/Urho3D/Source/ThirdParty/SDL/src/SDL_hints.c:176:27: error: use of undeclared identifier ‘NULL’
        <br/>
        hint-&gt;callbacks = NULL;
        <br/>
        ^
        <br/>
        /Users/att/Work/SDK/Urho3D/Source/ThirdParty/SDL/src/SDL_hints.c:198:20: error: use of undeclared identifier ‘NULL’
        <br/>
        prev = NULL;
        <br/>
        ^
        <br/>
        15 errors generated.
       </p>
      </blockquote>
      <p>
       In file included from /Users/att/Work/SDK/Urho3D/Source/ThirdParty/SLikeNet/Source/src/SuperFastHash.cpp:23:
       <br/>
       /Users/att/Work/SDK/Urho3D/Source/ThirdParty/SLikeNet/Source/include/slikenet/linux_adapter.h:17:10: fatal error: ‘winsock2.h’ file not found
       <br/>
       <span class="hashtag">
        #include
       </span>
       “winsock2.h”
       <br/>
       ^~~~~~~~~~~~
       <br/>
       1 error generated.
      </p>
      <blockquote>
       <p>
        Blockquote
       </p>
      </blockquote>
     </div>
    </div>
   </div>
   <div class="post_container">
    <div class="avatar_container">
     <img class="avatar" src="../../../images/5120fe8981e421df0f41c135eb6873b5996d3ad032e62a06089fae90a87595de.png"/>
    </div>
    <div class="post">
     <div class="user_name">
      att
     </div>
     <div class="post_content">
      <p>
       Found the problem, need latest cmake.
      </p>
     </div>
    </div>
   </div>
   <div class="post_container">
    <div class="avatar_container">
     <img class="avatar" src="../../../images/ac13286af345bef5a8e8da90a88e9fc0e9d6f349d8aa367436e7ffdeeddaeb9e.png"/>
    </div>
    <div class="post">
     <div class="user_name">
      weitjong
     </div>
     <div class="post_content">
      <p>
       Sorry to hear that. We are still testing our CI build using Xcode 9.4 and it seems to be fine with that version. I will probably bump Travis CI to use Xcode 10.2 later of the week to see if I can reproduce the issue.
      </p>
     </div>
    </div>
   </div>
   <div class="post_container">
    <div class="avatar_container">
     <img class="avatar" src="../../../images/ac13286af345bef5a8e8da90a88e9fc0e9d6f349d8aa367436e7ffdeeddaeb9e.png"/>
    </div>
    <div class="post">
     <div class="user_name">
      weitjong
     </div>
     <div class="post_content">
      <p>
       Ok. Still I think it is time we bump the version.
      </p>
     </div>
    </div>
   </div>
  </div>
 </body>
</html>