<!DOCTYPE html>
<html>
 <head>
  <meta charset="utf-8"/>
  <meta content="width=device-width" name="viewport"/>
  <title>
   Building external library errors
  </title>
  <link href="../../../archived.css" rel="stylesheet"/>
  <script type="text/x-mathjax-config">
   MathJax.Hub.Config({tex2jax: {inlineMath: [['$','$'], ['\\\\(','\\\\)']]}});
  </script>
  <script async="" src="https://cdnjs.cloudflare.com/ajax/libs/mathjax/2.7.1/MathJax.js?config=TeX-MML-AM_CHTML" type="text/javascript">
  </script>
 </head>
 <body>
  <header class="header">
   <div class="title-span">
    <a href="../../../">
     <img alt="Urho3D" height="40" id="site-logo" src="../../../images/site-logo.png"/>
    </a>
   </div>
  </header>
  <div class="main">
   <div class="archive-span">
    Archive 19/01/2023.
   </div>
   <h1 class="topic-title">
    Building external library errors
   </h1>
   <div class="post_container">
    <div class="avatar_container">
     <img class="avatar" src="../../../images/668470d56163353e1e4d4d67dadbcf02db3f7389e58e6e01b1650a16815e3949.png"/>
    </div>
    <div class="post">
     <div class="user_name">
      Enhex
     </div>
     <div class="post_content">
      <p>
       I’m using Windows 7, 64 bit, VS2015.
      </p>
      <p>
       Using HEAD, I’m getting some sort of mismatch between release and debug in some test thing.
       <br/>
       I’m getting the following error when trying to configure the CMake project:
      </p>
      <pre><code class="lang-auto">CMake Error at CMake/Modules/FindUrho3D.cmake:317 (message):
  Could NOT find compatible Urho3D library in Urho3D SDK installation or
  build tree.  Use URHO3D_HOME environment variable or build option to
  specify the location of the non-default SDK installation or build tree.

...

Urho3D.lib(LibraryInfo.obj) : error LNK2038: mismatch detected for '_ITERATOR_DEBUG_LEVEL': value '0' doesn't match value '2' in CheckUrho3DLibrary.obj
Urho3D.lib(LibraryInfo.obj) : error LNK2038: mismatch detected for 'RuntimeLibrary': value 'MD_DynamicRelease' doesn't match value 'MDd_DynamicDebug' in CheckUrho3DLibrary.obj
Urho3D.lib(Precompiled.obj) : error LNK2038: mismatch detected for '_ITERATOR_DEBUG_LEVEL': value '0' doesn't match value '2' in CheckUrho3DLibrary.obj
Urho3D.lib(Precompiled.obj) : error LNK2038: mismatch detected for 'RuntimeLibrary': value 'MD_DynamicRelease' doesn't match value 'MDd_DynamicDebug' in CheckUrho3DLibrary.obj</code></pre>
      <p>
       In my Urho build bin folder, if I rename “Urho3D.lib” to something else, it seems to find “Urho3D_d.lib” and configures without errors, but then it doesn’t find “Urho3D.lib”.
       <br/>
       If I generate with “URHO3D_LIBRARIES-NOTFOUND” it would use “Urho3D_d.lib” in release.
      </p>
     </div>
    </div>
   </div>
   <div class="post_container">
    <div class="avatar_container">
     <img class="avatar" src="../../../images/ac13286af345bef5a8e8da90a88e9fc0e9d6f349d8aa367436e7ffdeeddaeb9e.png"/>
    </div>
    <div class="post">
     <div class="user_name">
      weitjong
     </div>
     <div class="post_content">
      <p>
       Thanks for reporting this. There is a configuration error for try_run() command for WIN32 platform. The fix will be committed shortly.
      </p>
     </div>
    </div>
   </div>
   <div class="post_container">
    <div class="avatar_container">
     <img class="avatar" src="../../../images/668470d56163353e1e4d4d67dadbcf02db3f7389e58e6e01b1650a16815e3949.png"/>
    </div>
    <div class="post">
     <div class="user_name">
      Enhex
     </div>
     <div class="post_content">
      <p>
       I tested it again. Now configuration works but generation gives the following error:
      </p>
      <pre><code class="lang-auto"></code></pre>
      <p>
       “MyExecutableName” is the placeholder from
       <a href="http://urho3d.github.io/documentation/HEAD/_using_library.html" rel="nofollow noopener">
        urho3d.github.io/documentation/H … brary.html
       </a>
      </p>
     </div>
    </div>
   </div>
   <div class="post_container">
    <div class="avatar_container">
     <img class="avatar" src="../../../images/ac13286af345bef5a8e8da90a88e9fc0e9d6f349d8aa367436e7ffdeeddaeb9e.png"/>
    </div>
    <div class="post">
     <div class="user_name">
      weitjong
     </div>
     <div class="post_content">
      <p>
       I am not able to reproduce your error this time. I use the following to test (I hope I didn’t miss any instructions): “set build_tree=native-Build &amp;&amp; rake cmake vs2015 URHO3D_64BIT=1 &amp;&amp; rake make” to build the lib and then on the same terminal session: “rake scaffolding dir=test &amp;&amp; cd test &amp;&amp; rake cmake vs2015 URHO3D_64BIT=1 URHO3D_HOME=…/…/native-Build &amp;&amp; rake make”. I have tried with Debug build configuration and Release build configuration and also with both Debug + Release libs available in the URHO3D_HOME.
      </p>
     </div>
    </div>
   </div>
   <div class="post_container">
    <div class="avatar_container">
     <img class="avatar" src="../../../images/668470d56163353e1e4d4d67dadbcf02db3f7389e58e6e01b1650a16815e3949.png"/>
    </div>
    <div class="post">
     <div class="user_name">
      Enhex
     </div>
     <div class="post_content">
      <p>
       Ah it was my error, I accidentally deleted the CMakeLists.txt file when cleaning up for a new build and forgot to set my source files folder when making a new one.
      </p>
     </div>
    </div>
   </div>
  </div>
 </body>
</html>