<!DOCTYPE html>
<html>
 <head>
  <meta charset="utf-8"/>
  <meta content="width=device-width" name="viewport"/>
  <title>
   Make error when generating project using rake
  </title>
  <link href="../../../archived.css" rel="stylesheet"/>
  <script type="text/x-mathjax-config">
   MathJax.Hub.Config({tex2jax: {inlineMath: [['$','$'], ['\\\\(','\\\\)']]}});
  </script>
  <script async="" src="https://cdnjs.cloudflare.com/ajax/libs/mathjax/2.7.1/MathJax.js?config=TeX-MML-AM_CHTML" type="text/javascript">
  </script>
 </head>
 <body>
  <header class="header">
   <div class="title-span">
    <a href="../../../">
     <img alt="Urho3D" height="40" id="site-logo" src="../../../images/site-logo.png"/>
    </a>
   </div>
  </header>
  <div class="main">
   <div class="archive-span">
    Archive 19/01/2023.
   </div>
   <h1 class="topic-title">
    Make error when generating project using rake
   </h1>
   <div class="post_container">
    <div class="avatar_container">
     <img class="avatar" src="../../../images/98ebdab29deeab97e3366d1e6269f19391d6ffb8173c0e3ecf79076ad092bc78.png"/>
    </div>
    <div class="post">
     <div class="user_name">
      GoogleBot42
     </div>
     <div class="post_content">
      <p>
       When I generate a project using rake can try to compile I get this error:
      </p>
      <p>
       <code>
        GoogleBot42@Comp ~/Desktop/Rake-Test/Build-Linux64 % make
Scanning dependencies of target Main
[100%] Building CXX object CMakeFiles/Main.dir/Urho3DPlayer.cpp.o
In file included from /usr/local/include/Urho3D/Graphics/GraphicsImpl.h:26:0,
                 from /home/GoogleBot42/Desktop/Urho3D/Urho3D.h:83,
                 from /home/GoogleBot42/Desktop/Rake-Test/Urho3DPlayer.cpp:23:
/usr/local/include/Urho3D/Graphics/OpenGL/OGLGraphicsImpl.h:36:23: fatal error: GLEW/glew.h: No such file or directory
 #include &lt;GLEW/glew.h&gt;
                       ^
compilation terminated.
CMakeFiles/Main.dir/build.make:54: recipe for target 'CMakeFiles/Main.dir/Urho3DPlayer.cpp.o' failed
make[2]: *** [CMakeFiles/Main.dir/Urho3DPlayer.cpp.o] Error 1
CMakeFiles/Makefile2:60: recipe for target 'CMakeFiles/Main.dir/all' failed
make[1]: *** [CMakeFiles/Main.dir/all] Error 2
Makefile:75: recipe for target 'all' failed
make: *** [all] Error 2
2 GoogleBot42@Comp ~/Desktop/Rake-Test/Build-Linux64 %
       </code>
      </p>
      <p>
       This error is strange because when I set up the project myself it works just fine.  I am using the lastest git version of Urho3Dâ€¦
      </p>
     </div>
    </div>
   </div>
   <div class="post_container">
    <div class="avatar_container">
     <img class="avatar" src="../../../images/ac13286af345bef5a8e8da90a88e9fc0e9d6f349d8aa367436e7ffdeeddaeb9e.png"/>
    </div>
    <div class="post">
     <div class="user_name">
      weitjong
     </div>
     <div class="post_content">
      <p>
       How did you install your SDK? I am not able to reproduce your problem using my Linux host system. This is what I have tried in a nutshell.
      </p>
      <pre><code class="lang-auto">$ cd /path/to/my/Urho3D/project/root
$ rake cmake
$ rake make
$ sudo rake make install
$ rake scaffolding dir=/tmp/test
$ cd /tmp/test
$ rake cmake
$ rake make</code></pre>
     </div>
    </div>
   </div>
  </div>
 </body>
</html>